<?xml version="1.0" encoding="UTF-8"?>
<!-- Generated by org.testng.reporters.JUnitXMLReporter -->
<testsuite ignored="0" hostname="DESKTOP-9OJ0MAP" failures="0" tests="4" name="Test1" time="28.073" errors="0" timestamp="2022-04-15T17:58:23 IST">
  <testcase classname="com.SauceDemo.TestClasses.TC03ClickOncartButton" name="VerifyableToBuyProd" time="0.222"/>
  <testcase classname="com.SauceDemo.TestClasses.TC05BuyingProd" name="TC05VerifyTheYourInfoInCartButt" time="0.993"/>
  <testcase classname="com.SauceDemo.TestClasses.TC07Handledropdown" name="verifyDropDown" time="0.508"/>
  <testcase classname="com.SauceDemo.TestClasses.TC06VerifyLogout" name="TC06VerifyLogoutFunctionality" time="0.012"/>
</testsuite> <!-- Test1 -->
