<?xml version="1.0" encoding="UTF-8"?>
<!-- Generated by org.testng.reporters.JUnitXMLReporter -->
<testsuite ignored="0" hostname="DESKTOP-9OJ0MAP" failures="0" tests="8" name="Test1(failed)" time="60.627" errors="0" timestamp="2022-04-14T16:54:48 IST">
  <testcase classname="com.SauceDemo.TestClasses.TC01LoginFunctionality" name="TC01LoginFunctionality1" time="0.161"/>
  <testcase classname="com.SauceDemo.TestClasses.TC03ClickOncartButton" name="VerifyableToBuyProd" time="5.44"/>
  <testcase classname="com.SauceDemo.TestClasses.TC02AddtochartFunctionality" name="verifyAddTocartFunctionality" time="6.727"/>
  <testcase classname="com.SauceDemo.TestClasses.TC05BuyingProd" name="TC05VerifyTheYourInfoInCartButt" time="8.585"/>
  <testcase classname="com.SauceDemo.TestClasses.TC02AddtochartFunctionality" name="verifyAddTocartFunctionality" time="0.703"/>
  <testcase classname="com.SauceDemo.TestClasses.TC07Handledropdown" name="verifyDropDown" time="10.087"/>
  <testcase classname="com.SauceDemo.TestClasses.TC02AddtochartFunctionality" name="verifyAddTocartFunctionality" time="0.251"/>
  <testcase classname="com.SauceDemo.TestClasses.TC06VerifyLogout" name="TC06VerifyLogoutFunctionality" time="0.014"/>
</testsuite> <!-- Test1(failed) -->
